[0.000000] (-) TimerEvent: {}
[0.001667] (py_pubsub) JobQueued: {'identifier': 'py_pubsub', 'dependencies': OrderedDict([('py_pubsub', '/home/tc/Programming/python/courses/own/ros2-python-examples/src/py_pubsub/install/py_pubsub')])}
[0.001727] (py_pubsub) JobStarted: {'identifier': 'py_pubsub'}
[0.099090] (-) TimerEvent: {}
[0.198455] (py_pubsub) Command: {'cmd': ['/usr/bin/python3', '-m', 'pytest'], 'cwd': '/home/tc/Programming/python/courses/own/ros2-python-examples/src/py_pubsub', 'env': {'LESSOPEN': '| /usr/bin/lesspipe %s', 'CONDA_PROMPT_MODIFIER': '(cam)', 'USER': 'tc', 'LC_TIME': 'de_DE.UTF-8', 'CONDA_MKL_INTERFACE_LAYER_BACKUP': '', 'XDG_SESSION_TYPE': 'x11', 'SHLVL': '1', 'LD_LIBRARY_PATH': '/opt/ros/humble/opt/rviz_ogre_vendor/lib:/opt/ros/humble/lib/x86_64-linux-gnu:/opt/ros/humble/lib', 'HOME': '/home/tc', 'CONDA_SHLVL': '1', 'OLDPWD': '/home/tc', 'DESKTOP_SESSION': 'ubuntu', 'ROS_PYTHON_VERSION': '3', 'GNOME_SHELL_SESSION_MODE': 'ubuntu', 'GTK_MODULES': 'gail:atk-bridge', 'LC_MONETARY': 'de_DE.UTF-8', 'SYSTEMD_EXEC_PID': '6414', 'DBUS_SESSION_BUS_ADDRESS': 'unix:path=/run/user/1000/bus', 'COLORTERM': 'truecolor', '_CE_M': '', 'MANDATORY_PATH': '/usr/share/gconf/ubuntu.mandatory.path', 'ROS_DISTRO': 'humble', 'LOGNAME': 'tc', '_': '/usr/bin/colcon', 'ROS_VERSION': '2', 'XDG_SESSION_CLASS': 'user', 'DEFAULTS_PATH': '/usr/share/gconf/ubuntu.default.path', 'USERNAME': 'tc', 'TERM': 'xterm-256color', 'GNOME_DESKTOP_SESSION_ID': 'this-is-deprecated', 'DOTNET_ROOT': '/usr/lib/dotnet/dotnet6-6.0.110', '_CE_CONDA': '', 'ROS_LOCALHOST_ONLY': '1', 'WINDOWPATH': '2', 'PATH': '/opt/ros/humble/bin:/home/tc/Programming/python/mambaforge/envs/cam/bin:/home/tc/Programming/python/mambaforge/condabin:/home/tc/.local/bin:/usr/local/sbin:/usr/local/bin:/usr/sbin:/usr/bin:/sbin:/bin:/usr/games:/usr/local/games:/snap/bin:/snap/bin:/home/tc/.dotnet/tools', 'SESSION_MANAGER': 'local/cheetah:@/tmp/.ICE-unix/6395,unix/cheetah:/tmp/.ICE-unix/6395', 'XDG_MENU_PREFIX': 'gnome-', 'LC_ADDRESS': 'de_DE.UTF-8', 'GNOME_TERMINAL_SCREEN': '/org/gnome/Terminal/screen/a0e84fe3_88c6_46f5_a99a_b431bfca3f86', 'XDG_RUNTIME_DIR': '/run/user/1000', 'DISPLAY': ':1', 'LANG': 'en_US.UTF-8', 'XDG_CURRENT_DESKTOP': 'ubuntu:GNOME', 'DOTNET_BUNDLE_EXTRACT_BASE_DIR': '/home/tc/.cache/dotnet_bundle_extract', 'LC_TELEPHONE': 'de_DE.UTF-8', 'XMODIFIERS': '@im=ibus', 'XDG_SESSION_DESKTOP': 'ubuntu', 'XAUTHORITY': '/run/user/1000/gdm/Xauthority', 'LS_COLORS': 'rs=0:di=01;34:ln=01;36:mh=00:pi=40;33:so=01;35:do=01;35:bd=40;33;01:cd=40;33;01:or=40;31;01:mi=00:su=37;41:sg=30;43:ca=30;41:tw=30;42:ow=34;42:st=37;44:ex=01;32:*.tar=01;31:*.tgz=01;31:*.arc=01;31:*.arj=01;31:*.taz=01;31:*.lha=01;31:*.lz4=01;31:*.lzh=01;31:*.lzma=01;31:*.tlz=01;31:*.txz=01;31:*.tzo=01;31:*.t7z=01;31:*.zip=01;31:*.z=01;31:*.dz=01;31:*.gz=01;31:*.lrz=01;31:*.lz=01;31:*.lzo=01;31:*.xz=01;31:*.zst=01;31:*.tzst=01;31:*.bz2=01;31:*.bz=01;31:*.tbz=01;31:*.tbz2=01;31:*.tz=01;31:*.deb=01;31:*.rpm=01;31:*.jar=01;31:*.war=01;31:*.ear=01;31:*.sar=01;31:*.rar=01;31:*.alz=01;31:*.ace=01;31:*.zoo=01;31:*.cpio=01;31:*.7z=01;31:*.rz=01;31:*.cab=01;31:*.wim=01;31:*.swm=01;31:*.dwm=01;31:*.esd=01;31:*.jpg=01;35:*.jpeg=01;35:*.mjpg=01;35:*.mjpeg=01;35:*.gif=01;35:*.bmp=01;35:*.pbm=01;35:*.pgm=01;35:*.ppm=01;35:*.tga=01;35:*.xbm=01;35:*.xpm=01;35:*.tif=01;35:*.tiff=01;35:*.png=01;35:*.svg=01;35:*.svgz=01;35:*.mng=01;35:*.pcx=01;35:*.mov=01;35:*.mpg=01;35:*.mpeg=01;35:*.m2v=01;35:*.mkv=01;35:*.webm=01;35:*.webp=01;35:*.ogm=01;35:*.mp4=01;35:*.m4v=01;35:*.mp4v=01;35:*.vob=01;35:*.qt=01;35:*.nuv=01;35:*.wmv=01;35:*.asf=01;35:*.rm=01;35:*.rmvb=01;35:*.flc=01;35:*.avi=01;35:*.fli=01;35:*.flv=01;35:*.gl=01;35:*.dl=01;35:*.xcf=01;35:*.xwd=01;35:*.yuv=01;35:*.cgm=01;35:*.emf=01;35:*.ogv=01;35:*.ogx=01;35:*.aac=00;36:*.au=00;36:*.flac=00;36:*.m4a=00;36:*.mid=00;36:*.midi=00;36:*.mka=00;36:*.mp3=00;36:*.mpc=00;36:*.ogg=00;36:*.ra=00;36:*.wav=00;36:*.oga=00;36:*.opus=00;36:*.spx=00;36:*.xspf=00;36:', 'GNOME_TERMINAL_SERVICE': ':1.433', 'SSH_AGENT_LAUNCHER': 'gnome-keyring', 'SSH_AUTH_SOCK': '/run/user/1000/keyring/ssh', 'GSETTINGS_SCHEMA_DIR': '/home/tc/Programming/python/mambaforge/envs/cam/share/glib-2.0/schemas', 'ROS_DOMAIN_ID': '98', 'AMENT_PREFIX_PATH': '/home/tc/Programming/python/courses/own/ros2-python-examples/src/py_pubsub/install/py_pubsub:/opt/ros/humble', 'CONDA_PYTHON_EXE': '/home/tc/Programming/python/mambaforge/bin/python', 'SHELL': '/bin/bash', 'LC_NAME': 'de_DE.UTF-8', 'QT_ACCESSIBILITY': '1', 'GDMSESSION': 'ubuntu', 'LESSCLOSE': '/usr/bin/lesspipe %s %s', 'CONDA_DEFAULT_ENV': 'cam', 'LC_MEASUREMENT': 'de_DE.UTF-8', 'GPG_AGENT_INFO': '/run/user/1000/gnupg/S.gpg-agent:0:1', 'LC_IDENTIFICATION': 'de_DE.UTF-8', 'QT_IM_MODULE': 'ibus', 'PWD': '/home/tc/Programming/python/courses/own/ros2-python-examples/src/py_pubsub/build/py_pubsub', 'XDG_CONFIG_DIRS': '/etc/xdg/xdg-ubuntu:/etc/xdg', 'CONDA_EXE': '/home/tc/Programming/python/mambaforge/bin/conda', 'XDG_DATA_DIRS': '/usr/share/ubuntu:/usr/share/gnome:/home/tc/.local/share/flatpak/exports/share:/var/lib/flatpak/exports/share:/usr/local/share/:/usr/share/:/var/lib/snapd/desktop', 'PYTHONPATH': '/home/tc/Programming/python/courses/own/ros2-python-examples/src/py_pubsub/install/py_pubsub/lib/python3.10/site-packages:/opt/ros/humble/lib/python3.10/site-packages:/opt/ros/humble/local/lib/python3.10/dist-packages', 'LC_NUMERIC': 'de_DE.UTF-8', 'CONDA_PREFIX': '/home/tc/Programming/python/mambaforge/envs/cam', 'GSETTINGS_SCHEMA_DIR_CONDA_BACKUP': '', 'LC_PAPER': 'de_DE.UTF-8', 'MKL_INTERFACE_LAYER': 'LP64,GNU', 'COLCON': '1', 'VTE_VERSION': '6800', 'PYTEST_ADDOPTS': '--tb=short --junit-xml=/home/tc/Programming/python/courses/own/ros2-python-examples/src/py_pubsub/build/py_pubsub/pytest.xml --junit-prefix=py_pubsub -o cache_dir=/home/tc/Programming/python/courses/own/ros2-python-examples/src/py_pubsub/build/py_pubsub/.pytest_cache'}, 'shell': False}
[0.201023] (-) TimerEvent: {}
[0.301553] (-) TimerEvent: {}
[0.390981] (py_pubsub) StdoutLine: {'line': b'\x1b[1m============================= test session starts ==============================\x1b[0m\n'}
[0.391154] (py_pubsub) StdoutLine: {'line': b'platform linux -- Python 3.10.6, pytest-6.2.5, py-1.10.0, pluggy-0.13.0\n'}
[0.394021] (py_pubsub) StdoutLine: {'line': b'cachedir: build/py_pubsub/.pytest_cache\n'}
[0.394158] (py_pubsub) StdoutLine: {'line': b'rootdir: /home/tc/Programming/python/courses/own/ros2-python-examples/src/py_pubsub\n'}
[0.394253] (py_pubsub) StdoutLine: {'line': b'plugins: ament-lint-0.12.4, ament-xmllint-0.12.4, launch-testing-1.0.3, launch-testing-ros-0.19.3, ament-copyright-0.12.4, ament-pep257-0.12.4, ament-flake8-0.12.4, cov-3.0.0, colcon-core-0.10.0\n'}
[0.401646] (-) TimerEvent: {}
[0.461468] (py_pubsub) StdoutLine: {'line': b'\x1b[1mcollecting ... \x1b[0m\x1b[1m\n'}
[0.461616] (py_pubsub) StdoutLine: {'line': b'collected 3 items                                                              \x1b[0m\n'}
[0.461782] (py_pubsub) StdoutLine: {'line': b'\n'}
[0.466169] (py_pubsub) StdoutLine: {'line': b'test/test_copyright.py \x1b[33ms\x1b[0m\x1b[32m                                                 [ 33%]\x1b[0m\n'}
[0.501744] (-) TimerEvent: {}
[0.601940] (-) TimerEvent: {}
[0.702100] (-) TimerEvent: {}
[0.716366] (py_pubsub) StdoutLine: {'line': b'test/test_flake8.py \x1b[31mF\x1b[0m\x1b[31m                                                    [ 66%]\x1b[0m\n'}
[0.772551] (py_pubsub) StdoutLine: {'line': b'test/test_pep257.py \x1b[32m.\x1b[0m\x1b[31m                                                    [100%]\x1b[0m\n'}
[0.772733] (py_pubsub) StdoutLine: {'line': b'\n'}
[0.772822] (py_pubsub) StdoutLine: {'line': b'=================================== FAILURES ===================================\n'}
[0.772905] (py_pubsub) StdoutLine: {'line': b'\x1b[31m\x1b[1m_________________________________ test_flake8 __________________________________\x1b[0m\n'}
[0.772985] (py_pubsub) StdoutLine: {'line': b'\x1b[1m\x1b[31mtest/test_flake8.py\x1b[0m:24: in test_flake8\n'}
[0.800775] (py_pubsub) StdoutLine: {'line': b'    \x1b[94massert\x1b[39;49;00m rc == \x1b[94m0\x1b[39;49;00m, \x1b[33mf\x1b[39;49;00m\x1b[33m"\x1b[39;49;00m\x1b[33mFound \x1b[39;49;00m\x1b[33m{\x1b[39;49;00m\x1b[96mlen\x1b[39;49;00m(errors)\x1b[33m}\x1b[39;49;00m\x1b[33m code style errors / warnings:\x1b[39;49;00m\x1b[33m\\n\x1b[39;49;00m\x1b[33m{\x1b[39;49;00merror_string\x1b[33m}\x1b[39;49;00m\x1b[33m"\x1b[39;49;00m\n'}
[0.801008] (py_pubsub) StdoutLine: {'line': b'\x1b[1m\x1b[31mE   AssertionError: Found 3 code style errors / warnings:\x1b[0m\n'}
[0.801098] (py_pubsub) StdoutLine: {'line': b'\x1b[1m\x1b[31mE     ./install/_local_setup_util_sh.py:14:100: E501 line too long (109 > 99 characters)\x1b[0m\n'}
[0.801248] (py_pubsub) StdoutLine: {'line': b'\x1b[1m\x1b[31mE     ./install/_local_setup_util_sh.py:15:100: E501 line too long (124 > 99 characters)\x1b[0m\n'}
[0.801329] (py_pubsub) StdoutLine: {'line': b'\x1b[1m\x1b[31mE     ./install/_local_setup_util_sh.py:16:100: E501 line too long (125 > 99 characters)\x1b[0m\n'}
[0.801405] (py_pubsub) StdoutLine: {'line': b'\x1b[1m\x1b[31mE   assert 1 == 0\x1b[0m\n'}
[0.801482] (py_pubsub) StdoutLine: {'line': b'----------------------------- Captured stdout call -----------------------------\n'}
[0.801560] (py_pubsub) StdoutLine: {'line': b'\n'}
[0.801638] (py_pubsub) StdoutLine: {'line': b'./install/_local_setup_util_sh.py:14:100: E501 line too long (109 > 99 characters)\n'}
[0.801737] (py_pubsub) StdoutLine: {'line': b'FORMAT_STR_INVOKE_SCRIPT = \'COLCON_CURRENT_PREFIX="{prefix}" _colcon_prefix_sh_source_script "{script_path}"\'\n'}
[0.801818] (py_pubsub) StdoutLine: {'line': b'                                                                                                   ^\n'}
[0.801895] (py_pubsub) StdoutLine: {'line': b'\n'}
[0.801978] (py_pubsub) StdoutLine: {'line': b'./install/_local_setup_util_sh.py:15:100: E501 line too long (124 > 99 characters)\n'}
[0.802060] (py_pubsub) StdoutLine: {'line': b'FORMAT_STR_REMOVE_LEADING_SEPARATOR = \'if [ "$(echo -n ${name} | head -c 1)" = ":" ]; then export {name}=${{{name}#?}} ; fi\'\n'}
[0.802137] (-) TimerEvent: {}
[0.802225] (py_pubsub) StdoutLine: {'line': b'                                                                                                   ^\n'}
[0.802316] (py_pubsub) StdoutLine: {'line': b'\n'}
[0.802394] (py_pubsub) StdoutLine: {'line': b'./install/_local_setup_util_sh.py:16:100: E501 line too long (125 > 99 characters)\n'}
[0.802472] (py_pubsub) StdoutLine: {'line': b'FORMAT_STR_REMOVE_TRAILING_SEPARATOR = \'if [ "$(echo -n ${name} | tail -c 1)" = ":" ]; then export {name}=${{{name}%?}} ; fi\'\n'}
[0.802550] (py_pubsub) StdoutLine: {'line': b'                                                                                                   ^\n'}
[0.802627] (py_pubsub) StdoutLine: {'line': b'\n'}
[0.802725] (py_pubsub) StdoutLine: {'line': b'3     E501 line too long (109 > 99 characters)\n'}
[0.802805] (py_pubsub) StdoutLine: {'line': b'\n'}
[0.802882] (py_pubsub) StdoutLine: {'line': b'9 files checked\n'}
[0.802959] (py_pubsub) StdoutLine: {'line': b'3 errors\n'}
[0.803036] (py_pubsub) StdoutLine: {'line': b'\n'}
[0.803114] (py_pubsub) StdoutLine: {'line': b"'E'-type errors: 3\n"}
[0.803192] (py_pubsub) StdoutLine: {'line': b'\n'}
[0.803270] (py_pubsub) StdoutLine: {'line': b'Checked files:\n'}
[0.803347] (py_pubsub) StdoutLine: {'line': b'\n'}
[0.803424] (py_pubsub) StdoutLine: {'line': b'* ./setup.py\n'}
[0.803500] (py_pubsub) StdoutLine: {'line': b'* ./build/py_pubsub/build/lib/py_pubsub/__init__.py\n'}
[0.803590] (py_pubsub) StdoutLine: {'line': b'* ./py_pubsub/__init__.py\n'}
[0.803675] (py_pubsub) StdoutLine: {'line': b'* ./test/test_flake8.py\n'}
[0.803758] (py_pubsub) StdoutLine: {'line': b'* ./test/test_copyright.py\n'}
[0.803835] (py_pubsub) StdoutLine: {'line': b'* ./test/test_pep257.py\n'}
[0.803911] (py_pubsub) StdoutLine: {'line': b'* ./install/_local_setup_util_ps1.py\n'}
[0.803988] (py_pubsub) StdoutLine: {'line': b'* ./install/_local_setup_util_sh.py\n'}
[0.804065] (py_pubsub) StdoutLine: {'line': b'* ./install/py_pubsub/lib/python3.10/site-packages/py_pubsub/__init__.py\n'}
[0.804142] (py_pubsub) StdoutLine: {'line': b'----------------------------- Captured stderr call -----------------------------\n'}
[0.804231] (py_pubsub) StdoutLine: {'line': b'option --max-complexity: please update from optparse string `type=` to argparse callable `type=` -- this will be an error in the future\n'}
[0.804313] (py_pubsub) StderrLine: {'line': b'\x1b[33m=============================== warnings summary ===============================\x1b[0m\n'}
[0.804411] (py_pubsub) StderrLine: {'line': b'test/test_flake8.py::test_flake8\n'}
[0.804493] (py_pubsub) StderrLine: {'line': b'test/test_flake8.py::test_flake8\n'}
[0.804569] (py_pubsub) StderrLine: {'line': b'  Warning: SelectableGroups dict interface is deprecated. Use select.\n'}
[0.804646] (py_pubsub) StderrLine: {'line': b'\n'}
[0.804731] (py_pubsub) StderrLine: {'line': b'-- Docs: https://docs.pytest.org/en/stable/warnings.html\n'}
[0.804808] (py_pubsub) StdoutLine: {'line': b'- generated xml file: /home/tc/Programming/python/courses/own/ros2-python-examples/src/py_pubsub/build/py_pubsub/pytest.xml -\n'}
[0.804886] (py_pubsub) StdoutLine: {'line': b'=========================== short test summary info ============================\n'}
[0.804963] (py_pubsub) StdoutLine: {'line': b'FAILED test/test_flake8.py::test_flake8 - AssertionError: Found 3 code style ...\n'}
[0.805041] (py_pubsub) StdoutLine: {'line': b'\x1b[31m============== \x1b[31m\x1b[1m1 failed\x1b[0m, \x1b[32m1 passed\x1b[0m, \x1b[33m1 skipped\x1b[0m, \x1b[33m2 warnings\x1b[0m\x1b[31m in 0.41s\x1b[0m\x1b[31m ==============\x1b[0m\n'}
[0.862646] (py_pubsub) CommandEnded: {'returncode': 1}
[0.863315] (py_pubsub) TestFailure: {'identifier': 'py_pubsub'}
[0.863358] (py_pubsub) JobEnded: {'identifier': 'py_pubsub', 'rc': 0}
[0.864194] (-) EventReactorShutdown: {}
