[0.209s] Invoking command in '/home/tc/Programming/python/courses/own/python-courses/python-private/examples/Ros2/src/py_pubsub': AMENT_PREFIX_PATH=/home/tc/Programming/python/courses/own/python-courses/python-private/examples/Ros2/src/py_pubsub/install/py_pubsub:${AMENT_PREFIX_PATH} PYTEST_ADDOPTS=--tb=short --junit-xml=/home/tc/Programming/python/courses/own/python-courses/python-private/examples/Ros2/src/py_pubsub/build/py_pubsub/pytest.xml --junit-prefix=py_pubsub -o cache_dir=/home/tc/Programming/python/courses/own/python-courses/python-private/examples/Ros2/src/py_pubsub/build/py_pubsub/.pytest_cache PYTHONPATH=/home/tc/Programming/python/courses/own/python-courses/python-private/examples/Ros2/src/py_pubsub/install/py_pubsub/lib/python3.10/site-packages:${PYTHONPATH} /usr/bin/python3 -m pytest
[0.403s] [1m============================= test session starts ==============================[0m
[0.403s] platform linux -- Python 3.10.6, pytest-6.2.5, py-1.10.0, pluggy-0.13.0
[0.406s] cachedir: build/py_pubsub/.pytest_cache
[0.406s] rootdir: /home/tc/Programming/python/courses/own/python-courses/python-private/examples/Ros2/src/py_pubsub
[0.406s] plugins: ament-lint-0.12.4, ament-xmllint-0.12.4, launch-testing-1.0.3, launch-testing-ros-0.19.3, ament-copyright-0.12.4, ament-pep257-0.12.4, ament-flake8-0.12.4, cov-3.0.0, colcon-core-0.10.0
[0.475s] [1mcollecting ... [0m[1m
[0.475s] collected 3 items                                                              [0m
[0.475s] 
[0.479s] test/test_copyright.py [33ms[0m[32m                                                 [ 33%][0m
[0.803s] test/test_flake8.py [31mF[0m[31m                                                    [ 66%][0m
[0.860s] test/test_pep257.py [32m.[0m[31m                                                    [100%][0m
[0.860s] 
[0.860s] =================================== FAILURES ===================================
[0.860s] [31m[1m_________________________________ test_flake8 __________________________________[0m
[0.860s] [1m[31mtest/test_flake8.py[0m:23: in test_flake8
[1.562s]     [94massert[39;49;00m rc == [94m0[39;49;00m, \
[1.562s] [1m[31mE   AssertionError: Found 3 code style errors / warnings:[0m
[1.562s] [1m[31mE     ./install/_local_setup_util_sh.py:14:100: E501 line too long (109 > 99 characters)[0m
[1.562s] [1m[31mE     ./install/_local_setup_util_sh.py:15:100: E501 line too long (124 > 99 characters)[0m
[1.562s] [1m[31mE     ./install/_local_setup_util_sh.py:16:100: E501 line too long (125 > 99 characters)[0m
[1.563s] [1m[31mE   assert 1 == 0[0m
[1.563s] ----------------------------- Captured stdout call -----------------------------
[1.563s] 
[1.563s] ./install/_local_setup_util_sh.py:14:100: E501 line too long (109 > 99 characters)
[1.563s] FORMAT_STR_INVOKE_SCRIPT = 'COLCON_CURRENT_PREFIX="{prefix}" _colcon_prefix_sh_source_script "{script_path}"'
[1.563s]                                                                                                    ^
[1.563s] 
[1.563s] ./install/_local_setup_util_sh.py:15:100: E501 line too long (124 > 99 characters)
[1.563s] FORMAT_STR_REMOVE_LEADING_SEPARATOR = 'if [ "$(echo -n ${name} | head -c 1)" = ":" ]; then export {name}=${{{name}#?}} ; fi'
[1.564s]                                                                                                    ^
[1.564s] 
[1.564s] ./install/_local_setup_util_sh.py:16:100: E501 line too long (125 > 99 characters)
[1.564s] FORMAT_STR_REMOVE_TRAILING_SEPARATOR = 'if [ "$(echo -n ${name} | tail -c 1)" = ":" ]; then export {name}=${{{name}%?}} ; fi'
[1.564s]                                                                                                    ^
[1.564s] 
[1.564s] 3     E501 line too long (109 > 99 characters)
[1.564s] 
[1.564s] 9 files checked
[1.564s] 3 errors
[1.564s] 
[1.564s] 'E'-type errors: 3
[1.565s] 
[1.565s] Checked files:
[1.565s] 
[1.565s] * ./setup.py
[1.565s] * ./build/py_pubsub/build/lib/py_pubsub/__init__.py
[1.565s] * ./py_pubsub/__init__.py
[1.565s] * ./test/test_flake8.py
[1.565s] * ./test/test_copyright.py
[1.565s] * ./test/test_pep257.py
[1.565s] * ./install/_local_setup_util_ps1.py
[1.565s] * ./install/_local_setup_util_sh.py
[1.565s] * ./install/py_pubsub/lib/python3.10/site-packages/py_pubsub/__init__.py
[1.566s] ----------------------------- Captured stderr call -----------------------------
[1.566s] option --max-complexity: please update from optparse string `type=` to argparse callable `type=` -- this will be an error in the future
[1.566s] - generated xml file: /home/tc/Programming/python/courses/own/python-courses/python-private/examples/Ros2/src/py_pubsub/build/py_pubsub/pytest.xml -
[1.566s] =========================== short test summary info ============================
[1.566s] FAILED test/test_flake8.py::test_flake8 - AssertionError: Found 3 code style ...
[1.566s] [31m============== [31m[1m1 failed[0m, [32m1 passed[0m, [33m1 skipped[0m, [33m2 warnings[0m[31m in 1.16s[0m[31m ==============[0m
[1.566s] [33m=============================== warnings summary ===============================[0m
[1.566s] test/test_flake8.py::test_flake8
[1.566s] test/test_flake8.py::test_flake8
[1.566s]   Warning: SelectableGroups dict interface is deprecated. Use select.
[1.566s] 
[1.567s] -- Docs: https://docs.pytest.org/en/stable/warnings.html
[1.632s] Invoked command in '/home/tc/Programming/python/courses/own/python-courses/python-private/examples/Ros2/src/py_pubsub' returned '1': AMENT_PREFIX_PATH=/home/tc/Programming/python/courses/own/python-courses/python-private/examples/Ros2/src/py_pubsub/install/py_pubsub:${AMENT_PREFIX_PATH} PYTEST_ADDOPTS=--tb=short --junit-xml=/home/tc/Programming/python/courses/own/python-courses/python-private/examples/Ros2/src/py_pubsub/build/py_pubsub/pytest.xml --junit-prefix=py_pubsub -o cache_dir=/home/tc/Programming/python/courses/own/python-courses/python-private/examples/Ros2/src/py_pubsub/build/py_pubsub/.pytest_cache PYTHONPATH=/home/tc/Programming/python/courses/own/python-courses/python-private/examples/Ros2/src/py_pubsub/install/py_pubsub/lib/python3.10/site-packages:${PYTHONPATH} /usr/bin/python3 -m pytest
