<?xml version="1.0" encoding="utf-8"?><testsuites><testsuite name="pytest" errors="0" failures="0" skipped="1" tests="2" time="0.136" timestamp="2022-11-09T01:08:02.140777" hostname="cheetah"><testcase classname="py_pubsub.test.test_copyright" name="test_copyright" time="0.000"><skipped type="pytest.skip" message="No copyright header has been placed in the generated source file.">/home/tc/Programming/python/courses/own/ros2-python-examples/src/py_pubsub/test/test_copyright.py:20: No copyright header has been placed in the generated source file.</skipped></testcase><testcase classname="py_pubsub.test.test_pep257" name="test_pep257" time="0.056" /></testsuite></testsuites>