[0.204s] Invoking command in '/home/tc/Programming/python/courses/own/ros2-python-examples/src/py_pubsub': AMENT_PREFIX_PATH=/home/tc/Programming/python/courses/own/ros2-python-examples/src/py_pubsub/install/py_pubsub:${AMENT_PREFIX_PATH} CONDA_PROMPT_MODIFIER=(cam) PYTEST_ADDOPTS=--tb=short --junit-xml=/home/tc/Programming/python/courses/own/ros2-python-examples/src/py_pubsub/build/py_pubsub/pytest.xml --junit-prefix=py_pubsub -o cache_dir=/home/tc/Programming/python/courses/own/ros2-python-examples/src/py_pubsub/build/py_pubsub/.pytest_cache PYTHONPATH=/home/tc/Programming/python/courses/own/ros2-python-examples/src/py_pubsub/install/py_pubsub/lib/python3.10/site-packages:${PYTHONPATH} /usr/bin/python3 -m pytest
[0.395s] [1m============================= test session starts ==============================[0m
[0.395s] platform linux -- Python 3.10.6, pytest-6.2.5, py-1.10.0, pluggy-0.13.0
[0.398s] cachedir: build/py_pubsub/.pytest_cache
[0.398s] rootdir: /home/tc/Programming/python/courses/own/ros2-python-examples/src/py_pubsub
[0.398s] plugins: ament-lint-0.12.4, ament-xmllint-0.12.4, launch-testing-1.0.3, launch-testing-ros-0.19.3, ament-copyright-0.12.4, ament-pep257-0.12.4, ament-flake8-0.12.4, cov-3.0.0, colcon-core-0.10.0
[0.467s] [1mcollecting ... [0m[1m
[0.468s] collected 3 items                                                              [0m
[0.468s] 
[0.472s] test/test_copyright.py [33ms[0m[32m                                                 [ 33%][0m
[0.738s] test/test_flake8.py [31mF[0m[31m                                                    [ 66%][0m
[0.800s] test/test_pep257.py [32m.[0m[31m                                                    [100%][0m
[0.800s] 
[0.800s] =================================== FAILURES ===================================
[0.800s] [31m[1m_________________________________ test_flake8 __________________________________[0m
[0.800s] [1m[31mtest/test_flake8.py[0m:24: in test_flake8
[0.828s]     [94massert[39;49;00m rc == [94m0[39;49;00m, [33mf[39;49;00m[33m"[39;49;00m[33mFound [39;49;00m[33m{[39;49;00m[96mlen[39;49;00m(errors)[33m}[39;49;00m[33m code style errors / warnings:[39;49;00m[33m\n[39;49;00m[33m{[39;49;00merror_string[33m}[39;49;00m[33m"[39;49;00m
[0.828s] [1m[31mE   AssertionError: Found 3 code style errors / warnings:[0m
[0.828s] [1m[31mE     ./install/_local_setup_util_sh.py:14:100: E501 line too long (109 > 99 characters)[0m
[0.828s] [1m[31mE     ./install/_local_setup_util_sh.py:15:100: E501 line too long (124 > 99 characters)[0m
[0.828s] [1m[31mE     ./install/_local_setup_util_sh.py:16:100: E501 line too long (125 > 99 characters)[0m
[0.829s] [1m[31mE   assert 1 == 0[0m
[0.829s] ----------------------------- Captured stdout call -----------------------------
[0.829s] 
[0.829s] ./install/_local_setup_util_sh.py:14:100: E501 line too long (109 > 99 characters)
[0.829s] FORMAT_STR_INVOKE_SCRIPT = 'COLCON_CURRENT_PREFIX="{prefix}" _colcon_prefix_sh_source_script "{script_path}"'
[0.829s]                                                                                                    ^
[0.829s] 
[0.829s] ./install/_local_setup_util_sh.py:15:100: E501 line too long (124 > 99 characters)
[0.829s] FORMAT_STR_REMOVE_LEADING_SEPARATOR = 'if [ "$(echo -n ${name} | head -c 1)" = ":" ]; then export {name}=${{{name}#?}} ; fi'
[0.829s]                                                                                                    ^
[0.829s] 
[0.830s] ./install/_local_setup_util_sh.py:16:100: E501 line too long (125 > 99 characters)
[0.830s] FORMAT_STR_REMOVE_TRAILING_SEPARATOR = 'if [ "$(echo -n ${name} | tail -c 1)" = ":" ]; then export {name}=${{{name}%?}} ; fi'
[0.830s]                                                                                                    ^
[0.830s] 
[0.830s] 3     E501 line too long (109 > 99 characters)
[0.830s] 
[0.830s] 9 files checked
[0.830s] 3 errors
[0.830s] 
[0.830s] 'E'-type errors: 3
[0.830s] 
[0.831s] Checked files:
[0.831s] 
[0.831s] * ./setup.py
[0.831s] * ./build/py_pubsub/build/lib/py_pubsub/__init__.py
[0.831s] * ./py_pubsub/__init__.py
[0.831s] * ./test/test_flake8.py
[0.831s] * ./test/test_copyright.py
[0.831s] * ./test/test_pep257.py
[0.831s] * ./install/_local_setup_util_ps1.py
[0.831s] * ./install/_local_setup_util_sh.py
[0.832s] * ./install/py_pubsub/lib/python3.10/site-packages/py_pubsub/__init__.py
[0.832s] ----------------------------- Captured stderr call -----------------------------
[0.832s] option --max-complexity: please update from optparse string `type=` to argparse callable `type=` -- this will be an error in the future
[0.832s] [33m=============================== warnings summary ===============================[0m
[0.832s] test/test_flake8.py::test_flake8
[0.832s] test/test_flake8.py::test_flake8
[0.832s]   Warning: SelectableGroups dict interface is deprecated. Use select.
[0.832s] 
[0.832s] -- Docs: https://docs.pytest.org/en/stable/warnings.html
[0.832s] - generated xml file: /home/tc/Programming/python/courses/own/ros2-python-examples/src/py_pubsub/build/py_pubsub/pytest.xml -
[0.833s] =========================== short test summary info ============================
[0.833s] FAILED test/test_flake8.py::test_flake8 - AssertionError: Found 3 code style ...
[0.833s] [31m============== [31m[1m1 failed[0m, [32m1 passed[0m, [33m1 skipped[0m, [33m2 warnings[0m[31m in 0.43s[0m[31m ==============[0m
[0.891s] Invoked command in '/home/tc/Programming/python/courses/own/ros2-python-examples/src/py_pubsub' returned '1': AMENT_PREFIX_PATH=/home/tc/Programming/python/courses/own/ros2-python-examples/src/py_pubsub/install/py_pubsub:${AMENT_PREFIX_PATH} CONDA_PROMPT_MODIFIER=(cam) PYTEST_ADDOPTS=--tb=short --junit-xml=/home/tc/Programming/python/courses/own/ros2-python-examples/src/py_pubsub/build/py_pubsub/pytest.xml --junit-prefix=py_pubsub -o cache_dir=/home/tc/Programming/python/courses/own/ros2-python-examples/src/py_pubsub/build/py_pubsub/.pytest_cache PYTHONPATH=/home/tc/Programming/python/courses/own/ros2-python-examples/src/py_pubsub/install/py_pubsub/lib/python3.10/site-packages:${PYTHONPATH} /usr/bin/python3 -m pytest
